2026-02-05 22:26:22 | INFO     | Loaded config from /home/liuyuan/workspace/work/fsys/service/services_config.json
2026-02-05 22:26:22 | INFO     | Platform service initialized
2026-02-05 22:26:22 | INFO     | Initialized 5 services
2026-02-05 22:26:22 | INFO     | ============================================================
2026-02-05 22:26:22 | INFO     | Starting platform and services
2026-02-05 22:26:22 | INFO     | ============================================================
2026-02-05 22:26:22 | INFO     | Starting platform (priority service)...
2026-02-05 22:26:22 | INFO     | Waiting 2s for platform to initialize...
2026-02-05 22:26:24 | INFO     | Starting 5 services in parallel...
2026-02-05 22:26:24 | INFO     | All services started
2026-02-05 22:26:52 | INFO     | Loaded config from /home/liuyuan/workspace/work/fsys/service/services_config.json
2026-02-05 22:26:52 | INFO     | Platform service initialized
2026-02-05 22:26:52 | INFO     | Initialized 5 services
2026-02-05 22:26:52 | INFO     | ============================================================
2026-02-05 22:26:52 | INFO     | Stopping all services and platform
2026-02-05 22:26:52 | INFO     | ============================================================
2026-02-05 22:26:52 | INFO     | Stopping services...
2026-02-05 22:26:52 | INFO     | Stopping platform...
2026-02-05 22:26:52 | INFO     | All stopped
2026-02-05 22:26:52 | INFO     | Loaded config from /home/liuyuan/workspace/work/fsys/service/services_config.json
2026-02-05 22:26:52 | INFO     | Platform service initialized
2026-02-05 22:26:52 | INFO     | Initialized 5 services
2026-02-05 22:26:52 | INFO     | Restarting all...
2026-02-05 22:26:52 | INFO     | ============================================================
2026-02-05 22:26:52 | INFO     | Stopping all services and platform
2026-02-05 22:26:52 | INFO     | ============================================================
2026-02-05 22:26:52 | INFO     | Stopping services...
2026-02-05 22:26:52 | INFO     | Stopping platform...
2026-02-05 22:26:52 | INFO     | All stopped
2026-02-05 22:26:53 | INFO     | ============================================================
2026-02-05 22:26:53 | INFO     | Starting platform and services
2026-02-05 22:26:53 | INFO     | ============================================================
2026-02-05 22:26:53 | INFO     | Starting platform (priority service)...
2026-02-05 22:26:53 | INFO     | Waiting 2s for platform to initialize...
2026-02-05 22:26:55 | INFO     | Starting 5 services in parallel...
2026-02-05 22:26:55 | INFO     | All services started
2026-02-05 23:01:05 | INFO     | Loaded config from /home/liuyuan/workspace/work/fsys/service/services_config.json
2026-02-05 23:01:05 | INFO     | Platform service initialized
2026-02-05 23:01:05 | INFO     | Initialized 5 services
2026-02-05 23:01:05 | INFO     | ============================================================
2026-02-05 23:01:05 | INFO     | Starting platform and services
2026-02-05 23:01:05 | INFO     | ============================================================
2026-02-05 23:01:05 | INFO     | Starting platform (priority service)...
2026-02-05 23:01:05 | INFO     | Waiting 2s for platform to initialize...
2026-02-05 23:01:07 | INFO     | Starting 5 services in parallel...
2026-02-05 23:01:07 | INFO     | All services started
2026-02-05 23:08:38 | INFO     | Loaded config from /home/liuyuan/workspace/work/fsys/service/services_config.json
2026-02-05 23:08:38 | INFO     | Platform service initialized
2026-02-05 23:08:38 | INFO     | Initialized 5 services
2026-02-05 23:08:38 | INFO     | ============================================================
2026-02-05 23:08:38 | INFO     | Starting platform and services
2026-02-05 23:08:38 | INFO     | ============================================================
2026-02-05 23:08:38 | INFO     | Starting platform (priority service)...
2026-02-05 23:08:38 | INFO     | Waiting 2s for platform to initialize...
2026-02-05 23:08:40 | INFO     | Starting 5 services in parallel...
2026-02-05 23:08:40 | INFO     | All services started
2026-02-06 00:00:54 | INFO     | Loaded config from /home/liuyuan/workspace/work/fsys/service/services_config.json
2026-02-06 00:00:54 | INFO     | Platform service initialized
2026-02-06 00:00:54 | INFO     | Initialized 5 services
2026-02-06 00:00:54 | INFO     | ============================================================
2026-02-06 00:00:54 | INFO     | Starting platform and services
2026-02-06 00:00:54 | INFO     | ============================================================
2026-02-06 00:00:54 | INFO     | Starting platform (priority service)...
2026-02-06 00:00:54 | INFO     | Waiting 2s for platform to initialize...
2026-02-06 00:00:56 | INFO     | Starting 5 services in parallel...
2026-02-06 00:00:56 | INFO     | All services started
2026-02-06 00:31:05 | INFO     | Loaded config from /home/liuyuan/workspace/work/fsys/service/services_config.json
2026-02-06 00:31:05 | INFO     | Platform service initialized
2026-02-06 00:31:05 | INFO     | Initialized 5 services
2026-02-06 00:31:05 | INFO     | ============================================================
2026-02-06 00:31:05 | INFO     | Starting platform and services
2026-02-06 00:31:05 | INFO     | ============================================================
2026-02-06 00:31:05 | INFO     | Starting platform (priority service)...
2026-02-06 00:31:05 | INFO     | Waiting 2s for platform to initialize...
2026-02-06 00:31:07 | INFO     | Starting 5 services in parallel...
2026-02-06 00:31:07 | INFO     | All services started
2026-02-06 01:29:50 | INFO     | Loaded config from /home/liuyuan/workspace/work/fsys/service/services_config.json
2026-02-06 01:29:50 | INFO     | Platform service initialized
2026-02-06 01:29:50 | INFO     | Initialized 5 services
2026-02-06 01:29:50 | INFO     | ============================================================
2026-02-06 01:29:50 | INFO     | Starting platform and services
2026-02-06 01:29:50 | INFO     | ============================================================
2026-02-06 01:29:50 | INFO     | Starting platform (priority service)...
2026-02-06 01:29:50 | INFO     | Waiting 2s for platform to initialize...
2026-02-06 01:29:52 | INFO     | Starting 5 services in parallel...
2026-02-06 01:29:52 | INFO     | All services started
2026-02-06 01:30:14 | INFO     | ============================================================
2026-02-06 01:30:14 | INFO     | Stopping all services and platform
2026-02-06 01:30:14 | INFO     | ============================================================
2026-02-06 01:30:14 | INFO     | Stopping services...
2026-02-06 01:30:14 | INFO     | Stopping platform...
2026-02-06 01:30:14 | INFO     | All stopped
2026-02-06 03:39:19 | INFO     | Loaded config from /home/liuyuan/workspace/work/fsys/service/services_config.json
2026-02-06 03:39:19 | INFO     | Platform service initialized
2026-02-06 03:39:19 | INFO     | Initialized 5 services
2026-02-06 03:39:19 | INFO     | ============================================================
2026-02-06 03:39:19 | INFO     | Starting platform and services
2026-02-06 03:39:19 | INFO     | ============================================================
2026-02-06 03:39:19 | INFO     | Starting platform (priority service)...
2026-02-06 03:39:19 | INFO     | Waiting 2s for platform to initialize...
2026-02-06 03:39:21 | INFO     | Starting 5 services in parallel...
2026-02-06 03:39:21 | INFO     | All services started
2026-02-06 08:50:44 | INFO     | Loaded config from /home/liuyuan/workspace/work/fsys/service/services_config.json
2026-02-06 08:50:44 | INFO     | Platform service initialized
2026-02-06 08:50:44 | INFO     | Initialized 5 services
2026-02-06 08:50:44 | INFO     | ============================================================
2026-02-06 08:50:44 | INFO     | Starting platform and services
2026-02-06 08:50:44 | INFO     | ============================================================
2026-02-06 08:50:44 | INFO     | Starting platform (priority service)...
2026-02-06 08:50:44 | INFO     | Waiting 2s for platform to initialize...
2026-02-06 08:50:46 | INFO     | Starting 5 services in parallel...
2026-02-06 08:50:46 | INFO     | All services started
2026-02-06 08:51:19 | INFO     | Loaded config from /home/liuyuan/workspace/work/fsys/service/services_config.json
2026-02-06 08:51:19 | INFO     | Platform service initialized
2026-02-06 08:51:19 | INFO     | Initialized 5 services
2026-02-06 08:51:19 | INFO     | ============================================================
2026-02-06 08:51:19 | INFO     | Starting platform and services
2026-02-06 08:51:19 | INFO     | ============================================================
2026-02-06 08:51:19 | INFO     | Starting platform (priority service)...
2026-02-06 08:51:19 | INFO     | Waiting 2s for platform to initialize...
2026-02-06 08:51:21 | INFO     | Starting 5 services in parallel...
2026-02-06 08:51:21 | INFO     | All services started
2026-02-06 08:52:40 | INFO     | Loaded config from /home/liuyuan/workspace/work/fsys/service/services_config.json
2026-02-06 08:52:40 | INFO     | Platform service initialized
2026-02-06 08:52:40 | INFO     | Initialized 5 services
2026-02-06 08:52:40 | INFO     | ============================================================
2026-02-06 08:52:40 | INFO     | Starting platform and services
2026-02-06 08:52:40 | INFO     | ============================================================
2026-02-06 08:52:40 | INFO     | Starting platform (priority service)...
2026-02-06 08:52:40 | INFO     | Waiting 2s for platform to initialize...
2026-02-06 08:52:42 | INFO     | Starting 5 services in parallel...
2026-02-06 08:52:42 | INFO     | All services started
2026-02-06 08:54:16 | INFO     | Loaded config from examples/services_config_example.json
2026-02-06 08:54:16 | INFO     | Platform service initialized
2026-02-06 08:54:16 | INFO     | Initialized 2 services
2026-02-06 08:54:16 | INFO     | ============================================================
2026-02-06 08:54:16 | INFO     | Starting platform and services
2026-02-06 08:54:16 | INFO     | ============================================================
2026-02-06 08:54:16 | INFO     | Starting platform (priority service)...
2026-02-06 08:54:16 | INFO     | Waiting 2s for platform to initialize...
2026-02-06 08:54:18 | INFO     | Starting 2 services in parallel...
2026-02-06 08:54:18 | INFO     | All services started
2026-02-06 08:54:46 | INFO     | Loaded config from /home/liuyuan/workspace/work/fsys/service/services_config.json
2026-02-06 08:54:46 | INFO     | Platform service initialized
2026-02-06 08:54:46 | INFO     | Initialized 5 services
2026-02-06 08:54:46 | INFO     | ============================================================
2026-02-06 08:54:46 | INFO     | Stopping all services and platform
2026-02-06 08:54:46 | INFO     | ============================================================
2026-02-06 08:54:46 | INFO     | Stopping services...
2026-02-06 08:54:46 | INFO     | Stopping platform...
2026-02-06 08:54:46 | INFO     | All stopped
2026-02-06 08:54:54 | INFO     | Loaded config from /home/liuyuan/workspace/work/fsys/service/services_config.json
2026-02-06 08:54:54 | INFO     | Platform service initialized
2026-02-06 08:54:54 | INFO     | Initialized 5 services
2026-02-06 08:54:54 | INFO     | ============================================================
2026-02-06 08:54:54 | INFO     | Starting platform and services
2026-02-06 08:54:54 | INFO     | ============================================================
2026-02-06 08:54:54 | INFO     | Starting platform (priority service)...
2026-02-06 08:54:54 | INFO     | Waiting 2s for platform to initialize...
2026-02-06 08:54:56 | INFO     | Starting 5 services in parallel...
2026-02-06 08:54:56 | INFO     | All services started
2026-02-06 08:55:30 | INFO     | ============================================================
2026-02-06 08:55:30 | INFO     | Stopping all services and platform
2026-02-06 08:55:30 | INFO     | ============================================================
2026-02-06 08:55:30 | INFO     | Stopping services...
2026-02-06 08:55:30 | INFO     | Stopping platform...
2026-02-06 08:55:30 | INFO     | All stopped
2026-02-06 08:56:48 | INFO     | Loaded config from examples/services_config_example.json
2026-02-06 08:56:48 | INFO     | Platform service initialized
2026-02-06 08:56:48 | INFO     | Initialized 2 services
2026-02-06 08:56:48 | INFO     | ============================================================
2026-02-06 08:56:48 | INFO     | Starting platform and services
2026-02-06 08:56:48 | INFO     | ============================================================
2026-02-06 08:56:48 | INFO     | Starting platform (priority service)...
2026-02-06 08:56:48 | INFO     | Waiting 2s for platform to initialize...
2026-02-06 08:56:50 | INFO     | Starting 2 services in parallel...
2026-02-06 08:56:50 | INFO     | All services started
2026-02-06 08:56:55 | INFO     | ============================================================
2026-02-06 08:56:55 | INFO     | Stopping all services and platform
2026-02-06 08:56:55 | INFO     | ============================================================
2026-02-06 08:56:55 | INFO     | Stopping services...
2026-02-06 08:56:55 | INFO     | Stopping platform...
2026-02-06 08:56:55 | INFO     | All stopped
2026-02-06 09:00:13 | INFO     | Loaded config from examples/services_config_example.json
2026-02-06 09:00:13 | INFO     | Platform service initialized
2026-02-06 09:00:13 | INFO     | Initialized 2 services
2026-02-06 09:00:13 | INFO     | ============================================================
2026-02-06 09:00:13 | INFO     | Starting platform and services
2026-02-06 09:00:13 | INFO     | ============================================================
2026-02-06 09:00:13 | INFO     | Starting platform (priority service)...
2026-02-06 09:00:13 | INFO     | Waiting 2s for platform to initialize...
2026-02-06 09:00:15 | INFO     | Starting 2 services in parallel...
2026-02-06 09:00:15 | INFO     | All services started
2026-02-06 09:02:16 | INFO     | Loaded config from /home/liuyuan/workspace/work/fsys/service/services_config.json
2026-02-06 09:02:16 | INFO     | Platform service initialized
2026-02-06 09:02:16 | INFO     | Initialized 5 services
2026-02-06 09:02:16 | INFO     | ============================================================
2026-02-06 09:02:16 | INFO     | Stopping all services and platform
2026-02-06 09:02:16 | INFO     | ============================================================
2026-02-06 09:02:16 | INFO     | Stopping services...
2026-02-06 09:02:16 | INFO     | Stopping platform...
2026-02-06 09:02:16 | INFO     | All stopped
2026-02-06 09:02:29 | INFO     | Loaded config from /home/liuyuan/workspace/work/fsys/service/services_config.json
2026-02-06 09:02:29 | INFO     | Platform service initialized
2026-02-06 09:02:29 | INFO     | Initialized 5 services
2026-02-06 09:02:29 | INFO     | ============================================================
2026-02-06 09:02:29 | INFO     | Starting platform and services
2026-02-06 09:02:29 | INFO     | ============================================================
2026-02-06 09:02:29 | INFO     | Starting platform (priority service)...
2026-02-06 09:02:29 | INFO     | Waiting 2s for platform to initialize...
2026-02-06 09:02:31 | INFO     | Starting 5 services in parallel...
2026-02-06 09:02:31 | INFO     | All services started
2026-02-06 09:06:49 | INFO     | ============================================================
2026-02-06 09:06:49 | INFO     | Stopping all services and platform
2026-02-06 09:06:49 | INFO     | ============================================================
2026-02-06 09:06:49 | INFO     | Stopping services...
2026-02-06 09:06:49 | INFO     | Stopping platform...
2026-02-06 09:06:49 | INFO     | All stopped
2026-02-06 09:09:10 | INFO     | Loaded config from /home/liuyuan/workspace/work/fsys/service/services_config.json
2026-02-06 09:09:10 | INFO     | Platform service initialized
2026-02-06 09:09:10 | INFO     | Initialized 5 services
2026-02-06 09:09:10 | INFO     | ============================================================
2026-02-06 09:09:10 | INFO     | Starting platform
2026-02-06 09:09:10 | INFO     | ============================================================
2026-02-06 09:09:10 | INFO     | Entering monitor loop (scope=platform)
2026-02-06 09:13:58 | INFO     | Loaded config from /home/liuyuan/workspace/work/fsys/service/services_config.json
2026-02-06 09:13:58 | INFO     | Platform service initialized
2026-02-06 09:13:58 | INFO     | Initialized 5 services
2026-02-06 09:13:58 | INFO     | ============================================================
2026-02-06 09:13:58 | INFO     | Starting platform
2026-02-06 09:13:58 | INFO     | ============================================================
2026-02-06 09:13:58 | INFO     | Entering monitor loop (scope=platform)
2026-02-06 09:13:59 | INFO     | Loaded config from /home/liuyuan/workspace/work/fsys/service/services_config.json
2026-02-06 09:13:59 | INFO     | Platform service initialized
2026-02-06 09:13:59 | INFO     | Initialized 5 services
2026-02-06 09:13:59 | INFO     | ============================================================
2026-02-06 09:13:59 | INFO     | Stopping platform
2026-02-06 09:13:59 | INFO     | ============================================================
2026-02-06 09:13:59 | INFO     | Stopping manager daemon pid=2531579 (pidfile=/home/liuyuan/workspace/work/fsys/service/logs/manager-platform.pid)
2026-02-06 09:18:25 | INFO     | Loaded config from examples/services_config_example.json
2026-02-06 09:18:25 | INFO     | Platform service initialized
2026-02-06 09:18:25 | INFO     | Initialized 2 services
2026-02-06 09:18:25 | INFO     | ============================================================
2026-02-06 09:18:25 | INFO     | Starting platform and services
2026-02-06 09:18:25 | INFO     | ============================================================
2026-02-06 09:18:25 | INFO     | Starting platform (priority service)...
2026-02-06 09:18:25 | INFO     | Waiting 2s for platform to initialize...
2026-02-06 09:18:27 | INFO     | Starting 2 services in parallel...
2026-02-06 09:18:27 | INFO     | All services started
2026-02-06 09:19:03 | INFO     | Loaded config from /home/liuyuan/workspace/work/fsys/service/services_config.json
2026-02-06 09:19:03 | INFO     | Platform service initialized
2026-02-06 09:19:03 | INFO     | Initialized 5 services
2026-02-06 09:19:03 | INFO     | ============================================================
2026-02-06 09:19:03 | INFO     | Stopping platform
2026-02-06 09:19:03 | INFO     | ============================================================
2026-02-06 09:19:22 | INFO     | Loaded config from /home/liuyuan/workspace/work/fsys/service/services_config.json
2026-02-06 09:19:22 | INFO     | Platform service initialized
2026-02-06 09:19:22 | INFO     | Initialized 5 services
2026-02-06 09:19:22 | INFO     | ============================================================
2026-02-06 09:19:22 | INFO     | Starting platform
2026-02-06 09:19:22 | INFO     | ============================================================
2026-02-06 09:19:22 | INFO     | Entering monitor loop (scope=platform)
2026-02-06 09:19:58 | INFO     | Loaded config from /home/liuyuan/workspace/work/fsys/service/services_config.json
2026-02-06 09:19:58 | INFO     | Platform service initialized
2026-02-06 09:19:58 | INFO     | Initialized 5 services
2026-02-06 09:19:58 | INFO     | ============================================================
2026-02-06 09:19:58 | INFO     | Stopping service: service_B
2026-02-06 09:19:58 | INFO     | ============================================================
2026-02-06 09:20:05 | INFO     | Loaded config from /home/liuyuan/workspace/work/fsys/service/services_config.json
2026-02-06 09:20:05 | INFO     | Platform service initialized
2026-02-06 09:20:05 | INFO     | Initialized 5 services
2026-02-06 09:20:05 | INFO     | ============================================================
2026-02-06 09:20:05 | INFO     | Stopping service: service_A
2026-02-06 09:20:05 | INFO     | ============================================================
2026-02-06 09:20:09 | INFO     | Loaded config from /home/liuyuan/workspace/work/fsys/service/services_config.json
2026-02-06 09:20:09 | INFO     | Platform service initialized
2026-02-06 09:20:09 | INFO     | Initialized 5 services
2026-02-06 09:20:09 | INFO     | ============================================================
2026-02-06 09:20:09 | INFO     | Stopping platform
2026-02-06 09:20:09 | INFO     | ============================================================
2026-02-06 09:20:09 | INFO     | Stopping manager daemon pid=2552615 (pidfile=/home/liuyuan/workspace/work/fsys/service/logs/manager-platform.pid)
2026-02-06 09:20:09 | INFO     | Manager daemon already exited
2026-02-06 09:20:17 | INFO     | Loaded config from /home/liuyuan/workspace/work/fsys/service/services_config.json
2026-02-06 09:20:17 | INFO     | Platform service initialized
2026-02-06 09:20:17 | INFO     | Initialized 5 services
2026-02-06 09:20:17 | INFO     | ============================================================
2026-02-06 09:20:17 | INFO     | Stopping service: service_B
2026-02-06 09:20:17 | INFO     | ============================================================
2026-02-06 09:21:31 | INFO     | ============================================================
2026-02-06 09:21:31 | INFO     | Stopping all services and platform
2026-02-06 09:21:31 | INFO     | ============================================================
2026-02-06 09:21:31 | INFO     | Stopping services...
2026-02-06 09:21:31 | INFO     | Stopping platform...
2026-02-06 09:21:31 | INFO     | All stopped
2026-02-06 09:24:49 | INFO     | Loaded config from examples/services_config_example.json
2026-02-06 09:24:49 | INFO     | Platform service initialized
2026-02-06 09:24:49 | INFO     | Initialized 2 services
2026-02-06 09:24:49 | INFO     | ============================================================
2026-02-06 09:24:49 | INFO     | Starting platform and services
2026-02-06 09:24:49 | INFO     | ============================================================
2026-02-06 09:24:49 | INFO     | Starting platform (priority service)...
2026-02-06 09:24:49 | INFO     | Waiting 2s for platform to initialize...
2026-02-06 09:24:51 | INFO     | Starting 2 services in parallel...
2026-02-06 09:24:51 | INFO     | All services started
2026-02-06 09:25:15 | INFO     | Loaded config from /home/liuyuan/workspace/work/fsys/service/services_config.json
2026-02-06 09:25:15 | INFO     | Platform service initialized
2026-02-06 09:25:15 | INFO     | Initialized 5 services
2026-02-06 09:25:15 | INFO     | ============================================================
2026-02-06 09:25:15 | INFO     | Stopping platform
2026-02-06 09:25:15 | INFO     | ============================================================
2026-02-06 09:25:24 | INFO     | Loaded config from /home/liuyuan/workspace/work/fsys/service/services_config.json
2026-02-06 09:25:24 | INFO     | Platform service initialized
2026-02-06 09:25:24 | INFO     | Initialized 5 services
2026-02-06 09:25:24 | INFO     | ============================================================
2026-02-06 09:25:24 | INFO     | Starting platform
2026-02-06 09:25:24 | INFO     | ============================================================
2026-02-06 09:25:24 | INFO     | Entering monitor loop (scope=platform)
2026-02-06 09:26:07 | INFO     | Loaded config from /home/liuyuan/workspace/work/fsys/service/services_config.json
2026-02-06 09:26:07 | INFO     | Platform service initialized
2026-02-06 09:26:07 | INFO     | Initialized 5 services
2026-02-06 09:26:07 | INFO     | ============================================================
2026-02-06 09:26:07 | INFO     | Stopping service: service_B
2026-02-06 09:26:07 | INFO     | ============================================================
2026-02-06 09:26:17 | INFO     | Loaded config from /home/liuyuan/workspace/work/fsys/service/services_config.json
2026-02-06 09:26:17 | INFO     | Platform service initialized
2026-02-06 09:26:17 | INFO     | Initialized 5 services
2026-02-06 09:26:17 | INFO     | ============================================================
2026-02-06 09:26:17 | INFO     | Starting service: service_B
2026-02-06 09:26:17 | INFO     | ============================================================
2026-02-06 09:26:17 | INFO     | Entering monitor loop (scope=service:service_B)
2026-02-06 09:27:52 | INFO     | Loaded config from /home/liuyuan/workspace/work/fsys/service/services_config.json
2026-02-06 09:27:52 | INFO     | Platform service initialized
2026-02-06 09:27:52 | INFO     | Initialized 5 services
2026-02-06 09:27:52 | INFO     | ============================================================
2026-02-06 09:27:52 | INFO     | Stopping service: service_A
2026-02-06 09:27:52 | INFO     | ============================================================
2026-02-06 09:30:12 | INFO     | Loaded config from /home/liuyuan/workspace/work/fsys/service/services_config.json
2026-02-06 09:30:12 | INFO     | Platform service initialized
2026-02-06 09:30:12 | INFO     | Initialized 5 services
2026-02-06 09:30:12 | INFO     | ============================================================
2026-02-06 09:30:12 | INFO     | Stopping service: service_A
2026-02-06 09:30:12 | INFO     | ============================================================
2026-02-06 09:30:30 | INFO     | Loaded config from /home/liuyuan/workspace/work/fsys/service/services_config.json
2026-02-06 09:30:30 | INFO     | Platform service initialized
2026-02-06 09:30:30 | INFO     | Initialized 5 services
2026-02-06 09:30:30 | INFO     | ============================================================
2026-02-06 09:30:30 | INFO     | Stopping service: service_A
2026-02-06 09:30:30 | INFO     | ============================================================
2026-02-06 09:30:55 | INFO     | Loaded config from /home/liuyuan/workspace/work/fsys/service/services_config.json
2026-02-06 09:30:55 | INFO     | Platform service initialized
2026-02-06 09:30:55 | INFO     | Initialized 5 services
2026-02-06 09:30:55 | INFO     | ============================================================
2026-02-06 09:30:55 | INFO     | Starting service: service_A
2026-02-06 09:30:55 | INFO     | ============================================================
2026-02-06 09:30:55 | INFO     | Entering monitor loop (scope=service:service_A)
2026-02-06 09:31:31 | INFO     | Loaded config from /home/liuyuan/workspace/work/fsys/service/services_config.json
2026-02-06 09:31:31 | INFO     | Platform service initialized
2026-02-06 09:31:31 | INFO     | Initialized 5 services
2026-02-06 09:31:31 | INFO     | ============================================================
2026-02-06 09:31:31 | INFO     | Stopping service: service_A
2026-02-06 09:31:31 | INFO     | ============================================================
2026-02-06 09:31:31 | INFO     | Stopping manager daemon pid=2598769 (pidfile=/home/liuyuan/workspace/work/fsys/service/logs/manager-service_A.pid)
2026-02-06 09:31:31 | INFO     | Manager daemon already exited
2026-02-06 09:32:06 | INFO     | Loaded config from /home/liuyuan/workspace/work/fsys/service/services_config.json
2026-02-06 09:32:06 | INFO     | Platform service initialized
2026-02-06 09:32:06 | INFO     | Initialized 5 services
2026-02-06 09:32:06 | INFO     | ============================================================
2026-02-06 09:32:06 | INFO     | Stopping service: service_B
2026-02-06 09:32:06 | INFO     | ============================================================
2026-02-06 09:32:06 | INFO     | Stopping manager daemon pid=2580022 (pidfile=/home/liuyuan/workspace/work/fsys/service/logs/manager-service_B.pid)
2026-02-06 09:32:06 | INFO     | Manager daemon already exited
2026-02-06 09:32:10 | INFO     | Loaded config from /home/liuyuan/workspace/work/fsys/service/services_config.json
2026-02-06 09:32:10 | INFO     | Platform service initialized
2026-02-06 09:32:10 | INFO     | Initialized 5 services
2026-02-06 09:32:10 | INFO     | ============================================================
2026-02-06 09:32:10 | INFO     | Stopping service: service_A
2026-02-06 09:32:10 | INFO     | ============================================================
2026-02-06 09:32:12 | INFO     | Loaded config from /home/liuyuan/workspace/work/fsys/service/services_config.json
2026-02-06 09:32:12 | INFO     | Platform service initialized
2026-02-06 09:32:12 | INFO     | Initialized 5 services
2026-02-06 09:32:12 | INFO     | ============================================================
2026-02-06 09:32:12 | INFO     | Stopping platform
2026-02-06 09:32:12 | INFO     | ============================================================
2026-02-06 09:32:12 | INFO     | Stopping manager daemon pid=2576382 (pidfile=/home/liuyuan/workspace/work/fsys/service/logs/manager-platform.pid)
2026-02-06 09:32:12 | INFO     | Manager daemon already exited
2026-02-06 09:32:17 | INFO     | Loaded config from /home/liuyuan/workspace/work/fsys/service/services_config.json
2026-02-06 09:32:17 | INFO     | Platform service initialized
2026-02-06 09:32:17 | INFO     | Initialized 5 services
2026-02-06 09:32:17 | INFO     | ============================================================
2026-02-06 09:32:17 | INFO     | Starting platform
2026-02-06 09:32:17 | INFO     | ============================================================
2026-02-06 09:32:17 | INFO     | Entering monitor loop (scope=platform)
2026-02-06 09:32:58 | INFO     | Loaded config from /home/liuyuan/workspace/work/fsys/service/services_config.json
2026-02-06 09:32:58 | INFO     | Platform service initialized
2026-02-06 09:32:58 | INFO     | Initialized 5 services
2026-02-06 09:32:58 | INFO     | ============================================================
2026-02-06 09:32:58 | INFO     | Starting platform
2026-02-06 09:32:58 | INFO     | ============================================================
2026-02-06 09:32:58 | INFO     | Entering monitor loop (scope=platform)
2026-02-06 09:33:33 | INFO     | Loaded config from /home/liuyuan/workspace/work/fsys/service/services_config.json
2026-02-06 09:33:33 | INFO     | Platform service initialized
2026-02-06 09:33:33 | INFO     | Initialized 5 services
2026-02-06 09:33:33 | INFO     | ============================================================
2026-02-06 09:33:33 | INFO     | Stopping service: service_A
2026-02-06 09:33:33 | INFO     | ============================================================
2026-02-06 09:33:41 | INFO     | Loaded config from /home/liuyuan/workspace/work/fsys/service/services_config.json
2026-02-06 09:33:41 | INFO     | Platform service initialized
2026-02-06 09:33:41 | INFO     | Initialized 5 services
2026-02-06 09:33:41 | INFO     | ============================================================
2026-02-06 09:33:41 | INFO     | Starting service: service_A
2026-02-06 09:33:41 | INFO     | ============================================================
2026-02-06 09:33:41 | INFO     | Entering monitor loop (scope=service:service_A)
2026-02-06 10:14:05 | INFO     | Loaded config from /home/liuyuan/workspace/work/fsys/service/services_config.json
2026-02-06 10:14:05 | INFO     | Platform service initialized
2026-02-06 10:14:05 | INFO     | Initialized 5 services
2026-02-06 10:14:05 | INFO     | ============================================================
2026-02-06 10:14:05 | INFO     | Stopping service: service_B
2026-02-06 10:14:05 | INFO     | ============================================================
2026-02-06 10:14:10 | INFO     | Loaded config from /home/liuyuan/workspace/work/fsys/service/services_config.json
2026-02-06 10:14:10 | INFO     | Platform service initialized
2026-02-06 10:14:10 | INFO     | Initialized 5 services
2026-02-06 10:14:10 | INFO     | ============================================================
2026-02-06 10:14:10 | INFO     | Starting service: service_B
2026-02-06 10:14:10 | INFO     | ============================================================
2026-02-06 10:14:10 | INFO     | Entering monitor loop (scope=service:service_B)
2026-02-06 10:15:00 | INFO     | Loaded config from /home/liuyuan/workspace/work/fsys/service/services_config.json
2026-02-06 10:15:00 | INFO     | Platform service initialized
2026-02-06 10:15:00 | INFO     | Initialized 5 services
2026-02-06 10:15:00 | INFO     | ============================================================
2026-02-06 10:15:00 | INFO     | Stopping service: service_A
2026-02-06 10:15:00 | INFO     | ============================================================
2026-02-06 10:15:00 | INFO     | Stopping manager daemon pid=2610004 (pidfile=/home/liuyuan/workspace/work/fsys/service/logs/manager-service_A.pid)
2026-02-06 10:15:00 | INFO     | Manager daemon already exited
2026-02-06 10:15:05 | INFO     | Loaded config from /home/liuyuan/workspace/work/fsys/service/services_config.json
2026-02-06 10:15:05 | INFO     | Platform service initialized
2026-02-06 10:15:05 | INFO     | Initialized 5 services
2026-02-06 10:15:05 | INFO     | ============================================================
2026-02-06 10:15:05 | INFO     | Starting service: service_A
2026-02-06 10:15:05 | INFO     | ============================================================
2026-02-06 10:15:05 | INFO     | Entering monitor loop (scope=service:service_A)
2026-02-06 10:18:32 | INFO     | Loaded config from /home/liuyuan/workspace/work/fsys/service/services_config.json
2026-02-06 10:18:32 | INFO     | Platform service initialized
2026-02-06 10:18:32 | INFO     | Initialized 5 services
2026-02-06 10:18:32 | INFO     | ============================================================
2026-02-06 10:18:32 | INFO     | Stopping service: service_A
2026-02-06 10:18:32 | INFO     | ============================================================
2026-02-06 10:18:32 | INFO     | Stopping manager daemon pid=2782316 (pidfile=/home/liuyuan/workspace/work/fsys/service/logs/manager-service_A.pid)
2026-02-06 10:18:32 | INFO     | Manager daemon already exited
2026-02-06 10:18:54 | INFO     | Loaded config from /home/liuyuan/workspace/work/fsys/service/services_config.json
2026-02-06 10:18:54 | INFO     | Platform service initialized
2026-02-06 10:18:54 | INFO     | Initialized 5 services
2026-02-06 10:18:54 | INFO     | ============================================================
2026-02-06 10:18:54 | INFO     | Starting service: service_A
2026-02-06 10:18:54 | INFO     | ============================================================
2026-02-06 10:18:54 | INFO     | Entering monitor loop (scope=service:service_A)
2026-02-06 10:20:12 | INFO     | Loaded config from /home/liuyuan/workspace/work/fsys/service/services_config.json
2026-02-06 10:20:12 | INFO     | Platform service initialized
2026-02-06 10:20:12 | INFO     | Initialized 5 services
2026-02-06 10:20:12 | INFO     | ============================================================
2026-02-06 10:20:12 | INFO     | Stopping service: service_A
2026-02-06 10:20:12 | INFO     | ============================================================
2026-02-06 10:20:12 | INFO     | Stopping manager daemon pid=2798254 (pidfile=/home/liuyuan/workspace/work/fsys/service/logs/manager-service_A.pid)
2026-02-06 10:20:17 | WARNING  | Manager daemon did not exit, sending SIGKILL
2026-02-06 10:20:23 | INFO     | Loaded config from /home/liuyuan/workspace/work/fsys/service/services_config.json
2026-02-06 10:20:23 | INFO     | Platform service initialized
2026-02-06 10:20:23 | INFO     | Initialized 5 services
2026-02-06 10:20:23 | INFO     | ============================================================
2026-02-06 10:20:23 | INFO     | Starting service: service_A
2026-02-06 10:20:23 | INFO     | ============================================================
2026-02-06 10:20:23 | INFO     | Entering monitor loop (scope=service:service_A)
2026-02-06 10:22:14 | INFO     | Loaded config from /home/liuyuan/workspace/work/fsys/service/services_config.json
2026-02-06 10:22:14 | INFO     | Platform service initialized
2026-02-06 10:22:14 | INFO     | Initialized 5 services
2026-02-06 10:22:14 | INFO     | ============================================================
2026-02-06 10:22:14 | INFO     | Starting service: service_A
2026-02-06 10:22:14 | INFO     | ============================================================
2026-02-06 10:22:14 | INFO     | Entering monitor loop (scope=service:service_A)
2026-02-06 10:22:19 | INFO     | Loaded config from /home/liuyuan/workspace/work/fsys/service/services_config.json
2026-02-06 10:22:19 | INFO     | Platform service initialized
2026-02-06 10:22:19 | INFO     | Initialized 5 services
2026-02-06 10:22:19 | INFO     | ============================================================
2026-02-06 10:22:19 | INFO     | Stopping service: service_A
2026-02-06 10:22:19 | INFO     | ============================================================
2026-02-06 10:22:19 | INFO     | Stopping manager daemon pid=2811576 (pidfile=/home/liuyuan/workspace/work/fsys/service/logs/manager-service_A.pid)
2026-02-06 10:22:24 | WARNING  | Manager daemon did not exit, sending SIGKILL
2026-02-06 10:22:29 | INFO     | Loaded config from /home/liuyuan/workspace/work/fsys/service/services_config.json
2026-02-06 10:22:29 | INFO     | Platform service initialized
2026-02-06 10:22:29 | INFO     | Initialized 5 services
2026-02-06 10:22:29 | INFO     | ============================================================
2026-02-06 10:22:29 | INFO     | Starting service: service_A
2026-02-06 10:22:29 | INFO     | ============================================================
2026-02-06 10:22:29 | INFO     | Entering monitor loop (scope=service:service_A)
2026-02-06 10:22:34 | INFO     | Loaded config from /home/liuyuan/workspace/work/fsys/service/services_config.json
2026-02-06 10:22:34 | INFO     | Platform service initialized
2026-02-06 10:22:34 | INFO     | Initialized 5 services
2026-02-06 10:22:34 | INFO     | ============================================================
2026-02-06 10:22:34 | INFO     | Starting service: service_A
2026-02-06 10:22:34 | INFO     | ============================================================
2026-02-06 10:22:34 | INFO     | Entering monitor loop (scope=service:service_A)
2026-02-06 10:25:17 | INFO     | Loaded config from /home/liuyuan/workspace/work/fsys/service/services_config.json
2026-02-06 10:25:17 | INFO     | Platform service initialized
2026-02-06 10:25:17 | INFO     | Initialized 5 services
2026-02-06 10:25:17 | INFO     | ============================================================
2026-02-06 10:25:17 | INFO     | Stopping service: service_A
2026-02-06 10:25:17 | INFO     | ============================================================
2026-02-06 10:25:17 | INFO     | Stopping manager daemon pid=2812846 (pidfile=/home/liuyuan/workspace/work/fsys/service/logs/manager-service_A.pid)
2026-02-06 10:25:22 | WARNING  | Manager daemon did not exit, sending SIGKILL
2026-02-06 10:25:28 | INFO     | Loaded config from /home/liuyuan/workspace/work/fsys/service/services_config.json
2026-02-06 10:25:28 | INFO     | Platform service initialized
2026-02-06 10:25:28 | INFO     | Initialized 5 services
2026-02-06 10:25:28 | INFO     | ============================================================
2026-02-06 10:25:28 | INFO     | Stopping service: service_A
2026-02-06 10:25:28 | INFO     | ============================================================
2026-02-06 10:25:33 | INFO     | Loaded config from /home/liuyuan/workspace/work/fsys/service/services_config.json
2026-02-06 10:25:33 | INFO     | Platform service initialized
2026-02-06 10:25:33 | INFO     | Initialized 5 services
2026-02-06 10:25:33 | INFO     | ============================================================
2026-02-06 10:25:33 | INFO     | Starting service: service_A
2026-02-06 10:25:33 | INFO     | ============================================================
2026-02-06 10:25:33 | INFO     | Entering monitor loop (scope=service:service_A)
2026-02-06 10:26:11 | INFO     | Loaded config from /home/liuyuan/workspace/work/fsys/service/services_config.json
2026-02-06 10:26:11 | INFO     | Platform service initialized
2026-02-06 10:26:11 | INFO     | Initialized 5 services
2026-02-06 10:26:11 | INFO     | ============================================================
2026-02-06 10:26:11 | INFO     | Starting service: service_A
2026-02-06 10:26:11 | INFO     | ============================================================
2026-02-06 10:26:11 | INFO     | Entering monitor loop (scope=service:service_A)
2026-02-06 10:58:21 | INFO     | Monitor interrupted (KeyboardInterrupt)
2026-02-06 10:58:21 | INFO     | Monitor interrupted (KeyboardInterrupt)
2026-02-06 10:58:21 | INFO     | Monitor interrupted (KeyboardInterrupt)
2026-02-06 10:58:21 | INFO     | Monitor interrupted (KeyboardInterrupt)
2026-02-06 11:53:21 | INFO     | ============================================================
2026-02-06 11:53:21 | INFO     | Stopping all services and platform
2026-02-06 11:53:21 | INFO     | ============================================================
2026-02-06 11:53:21 | INFO     | Stopping services...
2026-02-06 11:53:21 | INFO     | Stopping platform...
2026-02-06 11:53:21 | INFO     | All stopped
2026-02-06 11:53:25 | INFO     | Loaded config from examples/services_config_example.json
2026-02-06 11:53:25 | INFO     | Platform service initialized
2026-02-06 11:53:25 | INFO     | Initialized 9 services
2026-02-06 11:53:25 | INFO     | ============================================================
2026-02-06 11:53:25 | INFO     | Starting platform and services
2026-02-06 11:53:25 | INFO     | ============================================================
2026-02-06 11:53:25 | INFO     | Starting platform (priority service)...
2026-02-06 11:53:25 | INFO     | Waiting 2s for platform to initialize...
2026-02-06 11:53:27 | INFO     | Starting 9 services in parallel...
2026-02-06 11:53:28 | INFO     | All services started
2026-02-06 12:13:14 | INFO     | Loaded config from /home/liuyuan/workspace/work/fsys/service/services_config.json
2026-02-06 12:13:14 | INFO     | Platform service initialized
2026-02-06 12:13:14 | INFO     | Initialized 5 services
2026-02-06 12:13:14 | INFO     | ============================================================
2026-02-06 12:13:14 | INFO     | Stopping service: service_C
2026-02-06 12:13:14 | INFO     | ============================================================
2026-02-06 12:13:20 | INFO     | Loaded config from /home/liuyuan/workspace/work/fsys/service/services_config.json
2026-02-06 12:13:20 | INFO     | Platform service initialized
2026-02-06 12:13:20 | INFO     | Initialized 5 services
2026-02-06 12:13:20 | INFO     | ============================================================
2026-02-06 12:13:20 | INFO     | Starting service: service_C
2026-02-06 12:13:20 | INFO     | ============================================================
2026-02-06 12:13:20 | INFO     | Entering monitor loop (scope=service:service_C)
2026-02-06 12:13:33 | INFO     | Loaded config from /home/liuyuan/workspace/work/fsys/service/services_config.json
2026-02-06 12:13:33 | INFO     | Platform service initialized
2026-02-06 12:13:33 | INFO     | Initialized 5 services
2026-02-06 12:13:33 | INFO     | ============================================================
2026-02-06 12:13:33 | INFO     | Stopping service: service_C
2026-02-06 12:13:33 | INFO     | ============================================================
2026-02-06 12:13:33 | INFO     | Stopping manager daemon pid=3271925 (pidfile=/home/liuyuan/workspace/work/fsys/service/logs/manager-service_C.pid)
2026-02-06 12:13:38 | WARNING  | Manager daemon did not exit, sending SIGKILL
2026-02-06 12:14:05 | INFO     | Loaded config from /home/liuyuan/workspace/work/fsys/service/services_config.json
2026-02-06 12:14:05 | INFO     | Platform service initialized
2026-02-06 12:14:05 | INFO     | Initialized 5 services
2026-02-06 12:14:05 | INFO     | ============================================================
2026-02-06 12:14:05 | INFO     | Starting service: service_C
2026-02-06 12:14:05 | INFO     | ============================================================
2026-02-06 12:14:05 | INFO     | Entering monitor loop (scope=service:service_C)
2026-02-06 12:14:30 | INFO     | Loaded config from /home/liuyuan/workspace/work/fsys/service/services_config.json
2026-02-06 12:14:30 | INFO     | Platform service initialized
2026-02-06 12:14:30 | INFO     | Initialized 5 services
2026-02-06 12:14:30 | INFO     | ============================================================
2026-02-06 12:14:30 | INFO     | Stopping service: service_C
2026-02-06 12:14:30 | INFO     | ============================================================
2026-02-06 12:14:30 | INFO     | Stopping manager daemon pid=3275628 (pidfile=/home/liuyuan/workspace/work/fsys/service/logs/manager-service_C.pid)
2026-02-06 12:14:35 | WARNING  | Manager daemon did not exit, sending SIGKILL
2026-02-06 12:14:40 | INFO     | Loaded config from /home/liuyuan/workspace/work/fsys/service/services_config.json
2026-02-06 12:14:40 | INFO     | Platform service initialized
2026-02-06 12:14:40 | INFO     | Initialized 5 services
2026-02-06 12:14:40 | INFO     | ============================================================
2026-02-06 12:14:40 | INFO     | Starting service: service_C
2026-02-06 12:14:40 | INFO     | ============================================================
2026-02-06 12:14:40 | INFO     | Entering monitor loop (scope=service:service_C)
2026-02-06 12:38:08 | INFO     | Monitor interrupted (KeyboardInterrupt)
2026-02-06 13:45:36 | INFO     | Loaded config from /home/liuyuan/workspace/work/fsys/service/services_config.json
2026-02-06 13:45:36 | INFO     | Platform service initialized
2026-02-06 13:45:36 | INFO     | Initialized 5 services
2026-02-06 13:45:36 | INFO     | ============================================================
2026-02-06 13:45:36 | INFO     | Stopping service: service_A
2026-02-06 13:45:36 | INFO     | ============================================================
2026-02-06 13:45:37 | INFO     | ============================================================
2026-02-06 13:45:37 | INFO     | Starting service: service_A
2026-02-06 13:45:37 | INFO     | ============================================================
2026-02-06 13:45:37 | INFO     | Entering monitor loop (scope=service:service_A)
2026-02-06 14:07:02 | INFO     | Loaded config from /home/liuyuan/workspace/work/fsys/service/services_config.json
2026-02-06 14:07:02 | INFO     | Platform service initialized
2026-02-06 14:07:02 | INFO     | Initialized 5 services
2026-02-06 14:07:02 | INFO     | ============================================================
2026-02-06 14:07:02 | INFO     | Stopping service: service_C
2026-02-06 14:07:02 | INFO     | ============================================================
2026-02-06 14:07:05 | INFO     | Loaded config from /home/liuyuan/workspace/work/fsys/service/services_config.json
2026-02-06 14:07:05 | INFO     | Platform service initialized
2026-02-06 14:07:05 | INFO     | Initialized 5 services
2026-02-06 14:07:05 | INFO     | ============================================================
2026-02-06 14:07:05 | INFO     | Starting service: service_C
2026-02-06 14:07:05 | INFO     | ============================================================
2026-02-06 14:07:05 | INFO     | Entering monitor loop (scope=service:service_C)
2026-02-06 14:18:28 | INFO     | Monitor interrupted (KeyboardInterrupt)
2026-02-06 16:00:23 | INFO     | Loaded config from /home/liuyuan/workspace/work/fsys/service/services_config.json
2026-02-06 16:00:23 | INFO     | Platform service initialized
2026-02-06 16:00:23 | INFO     | Initialized 5 services
2026-02-06 16:00:23 | INFO     | ============================================================
2026-02-06 16:00:23 | INFO     | Stopping service: service_B
2026-02-06 16:00:23 | INFO     | ============================================================
2026-02-06 16:00:23 | INFO     | Stopping manager daemon pid=2778599 (pidfile=/home/liuyuan/workspace/work/fsys/service/logs/manager-service_B.pid)
2026-02-06 16:00:23 | INFO     | Manager daemon already exited
2026-02-06 16:05:09 | INFO     | ============================================================
2026-02-06 16:05:09 | INFO     | Stopping all services and platform
2026-02-06 16:05:09 | INFO     | ============================================================
2026-02-06 16:05:09 | INFO     | Stopping services...
2026-02-06 16:05:09 | INFO     | Stopping platform...
2026-02-06 16:05:09 | INFO     | All stopped
2026-02-06 16:05:51 | INFO     | Loaded config from /home/liuyuan/workspace/work/fsys/service/services_config.json
2026-02-06 16:05:51 | INFO     | Platform service initialized
2026-02-06 16:05:51 | INFO     | Initialized 5 services
2026-02-06 16:05:51 | INFO     | ============================================================
2026-02-06 16:05:51 | INFO     | Starting platform
2026-02-06 16:05:51 | INFO     | ============================================================
2026-02-06 16:05:51 | INFO     | Entering monitor loop (scope=platform)
2026-02-06 16:06:04 | INFO     | Loaded config from /home/liuyuan/workspace/work/fsys/service/services_config.json
2026-02-06 16:06:04 | INFO     | Platform service initialized
2026-02-06 16:06:04 | INFO     | Initialized 5 services
2026-02-06 16:06:04 | INFO     | ============================================================
2026-02-06 16:06:04 | INFO     | Starting platform
2026-02-06 16:06:04 | INFO     | ============================================================
2026-02-06 16:06:04 | INFO     | Entering monitor loop (scope=platform)
2026-02-06 16:06:33 | INFO     | Loaded config from examples/services_config_example.json
2026-02-06 16:06:33 | INFO     | Platform service initialized
2026-02-06 16:06:33 | INFO     | Initialized 9 services
2026-02-06 16:06:33 | INFO     | ============================================================
2026-02-06 16:06:33 | INFO     | Starting platform and services
2026-02-06 16:06:33 | INFO     | ============================================================
2026-02-06 16:06:33 | INFO     | Starting platform (priority service)...
2026-02-06 16:06:33 | INFO     | Waiting 2s for platform to initialize...
2026-02-06 16:06:35 | INFO     | Starting 9 services in parallel...
2026-02-06 16:06:35 | INFO     | All services started
2026-02-06 16:07:05 | INFO     | Monitor interrupted (KeyboardInterrupt)
2026-02-06 16:07:05 | INFO     | Monitor interrupted (KeyboardInterrupt)
2026-02-06 18:07:19 | INFO     | Loaded config from /home/liuyuan/workspace/work/fsys/service/services_config.json
2026-02-06 18:07:19 | INFO     | Platform service initialized
2026-02-06 18:07:19 | INFO     | Initialized 5 services
2026-02-06 18:07:19 | INFO     | ============================================================
2026-02-06 18:07:19 | INFO     | Stopping service: service_C
2026-02-06 18:07:19 | INFO     | ============================================================
2026-02-06 18:07:23 | INFO     | Loaded config from /home/liuyuan/workspace/work/fsys/service/services_config.json
2026-02-06 18:07:23 | INFO     | Platform service initialized
2026-02-06 18:07:23 | INFO     | Initialized 5 services
2026-02-06 18:07:23 | INFO     | ============================================================
2026-02-06 18:07:23 | INFO     | Starting service: service_C
2026-02-06 18:07:23 | INFO     | ============================================================
2026-02-06 18:07:23 | INFO     | Entering monitor loop (scope=service:service_C)
2026-02-06 18:58:59 | INFO     | Monitor interrupted (KeyboardInterrupt)
2026-02-08 19:15:13 | INFO     | Loaded config from /home/liuyuan/workspace/work/fsys/service/services_config.json
2026-02-08 19:15:13 | INFO     | Platform service initialized
2026-02-08 19:15:13 | INFO     | Initialized 5 services
2026-02-08 19:15:13 | INFO     | ============================================================
2026-02-08 19:15:13 | INFO     | Starting platform
2026-02-08 19:15:13 | INFO     | ============================================================
2026-02-08 19:15:13 | INFO     | Entering monitor loop (scope=platform)
2026-02-08 19:25:46 | INFO     | Monitor interrupted (KeyboardInterrupt)
2026-02-08 20:06:36 | INFO     | Loaded config from examples/services_config_example.json
2026-02-08 20:06:36 | INFO     | Platform service initialized
2026-02-08 20:06:36 | INFO     | Initialized 9 services
2026-02-08 20:06:36 | INFO     | ============================================================
2026-02-08 20:06:36 | INFO     | Starting platform and services
2026-02-08 20:06:36 | INFO     | ============================================================
2026-02-08 20:06:36 | INFO     | Starting platform (priority service)...
2026-02-08 20:06:36 | INFO     | Waiting 2s for platform to initialize...
2026-02-08 20:06:38 | INFO     | Starting 9 services in parallel...
2026-02-08 20:06:38 | INFO     | All services started
2026-02-08 20:08:03 | INFO     | Loaded config from /home/liuyuan/workspace/work/fsys/service/services_config.json
2026-02-08 20:08:03 | INFO     | Platform service initialized
2026-02-08 20:08:03 | INFO     | Initialized 5 services
2026-02-08 20:08:03 | INFO     | ============================================================
2026-02-08 20:08:03 | INFO     | Stopping service: service_C
2026-02-08 20:08:03 | INFO     | ============================================================
2026-02-08 20:08:09 | INFO     | Loaded config from /home/liuyuan/workspace/work/fsys/service/services_config.json
2026-02-08 20:08:09 | INFO     | Platform service initialized
2026-02-08 20:08:09 | INFO     | Initialized 5 services
2026-02-08 20:08:09 | INFO     | ============================================================
2026-02-08 20:08:09 | INFO     | Starting service: service_C
2026-02-08 20:08:09 | INFO     | ============================================================
2026-02-08 20:08:09 | INFO     | Entering monitor loop (scope=service:service_C)
